<?xml version="1.0" encoding="UTF-8"?>
<!-- Generated by org.testng.reporters.JUnitXMLReporter -->
<testsuite hostname="SaiShivani" ignored="0" name="Test1" tests="1" failures="1" timestamp="2023-04-12T08:58:59 IST" time="0.027" errors="0">
  <testcase name="Test1" time="0.0" classname="Com.Hexa.classA4">
    <failure type="org.testng.TestNGException" message="
Parameter &amp;apos;password&amp;apos; is required by @Test on method Test1 but has not been marked @Optional or defined
in D:\Selenium Data Files\Selenium_Maven\testng.xml">
      <![CDATA[org.testng.TestNGException: 
Parameter 'password' is required by @Test on method Test1 but has not been marked @Optional or defined
in D:\Selenium Data Files\Selenium_Maven\testng.xml
at java.util.ArrayList.forEach(Unknown Source)
... Removed 26 stack frames]]>
    </failure>
  </testcase> <!-- Test1 -->
</testsuite> <!-- Test1 -->
